info it worked if it ends with ok
verbose cli [ 'node',
verbose cli   '/Users/chris/.nvm/v0.6.0/bin/npm',
verbose cli   'explore',
verbose cli   'everyauth' ]
info using npm@1.0.104
info using node@v0.6.0
verbose config file /Users/chris/.npmrc
verbose config file /Users/chris/.nvm/v0.6.0/etc/npmrc
verbose config file /Users/chris/.nvm/v0.6.0/lib/node_modules/npm/npmrc
ERR! Error: It doesn't look like everyauth is installed.
ERR!     at /Users/chris/.nvm/v0.6.0/lib/node_modules/npm/lib/explore.js:23:43
ERR!     at Object.cb [as oncomplete] (/Users/chris/.nvm/v0.6.0/lib/node_modules/npm/node_modules/graceful-fs/graceful-fs.js:36:9)
ERR! Report this *entire* log at:
ERR!     <http://github.com/isaacs/npm/issues>
ERR! or email it to:
ERR!     <npm-@googlegroups.com>
ERR! 
ERR! System Darwin 10.8.0
ERR! command "node" "/Users/chris/.nvm/v0.6.0/bin/npm" "explore" "everyauth"
ERR! cwd /Users/chris/Documents/sbs/gits/tumblr-api/example
ERR! node -v v0.6.0
ERR! npm -v 1.0.104
verbose exit [ 1, true ]
